Flow report for electronic_enigma_pro
Wed Dec 09 21:08:41 2020
Quartus II 64-Bit Version 13.0.1 Build 232 06/12/2013 Service Pack 1 SJ Web Edition


---------------------
; Table of Contents ;
---------------------
  1. Legal Notice
  2. Flow Summary
  3. Flow Settings
  4. Flow Non-Default Global Settings
  5. Flow Elapsed Time
  6. Flow OS Summary
  7. Flow Log
  8. Flow Messages
  9. Flow Suppressed Messages



----------------
; Legal Notice ;
----------------
Copyright (C) 1991-2013 Altera Corporation
Your use of Altera Corporation's design tools, logic functions 
and other software and tools, and its AMPP partner logic 
functions, and any output files from any of the foregoing 
(including device programming or simulation files), and any 
associated documentation or information are expressly subject 
to the terms and conditions of the Altera Program License 
Subscription Agreement, Altera MegaCore Function License 
Agreement, or other applicable license agreement, including, 
without limitation, that your use is for the sole purpose of 
programming logic devices manufactured by Altera and sold by 
Altera or its authorized distributors.  Please refer to the 
applicable agreement for further details.



+--------------------------------------------------------------------------------------+
; Flow Summary                                                                         ;
+------------------------------------+-------------------------------------------------+
; Flow Status                        ; Successful - Wed Dec 09 21:08:41 2020           ;
; Quartus II 64-Bit Version          ; 13.0.1 Build 232 06/12/2013 SP 1 SJ Web Edition ;
; Revision Name                      ; electronic_enigma_pro                           ;
; Top-level Entity Name              ; ELECTRONIC_ENIGMA_PRO                           ;
; Family                             ; Cyclone II                                      ;
; Device                             ; EP2C5T144C8                                     ;
; Timing Models                      ; Final                                           ;
; Total logic elements               ; 158 / 4,608 ( 3 % )                             ;
;     Total combinational functions  ; 158 / 4,608 ( 3 % )                             ;
;     Dedicated logic registers      ; 55 / 4,608 ( 1 % )                              ;
; Total registers                    ; 55                                              ;
; Total pins                         ; 43 / 89 ( 48 % )                                ;
; Total virtual pins                 ; 0                                               ;
; Total memory bits                  ; 0 / 119,808 ( 0 % )                             ;
; Embedded Multiplier 9-bit elements ; 0 / 26 ( 0 % )                                  ;
; Total PLLs                         ; 0 / 2 ( 0 % )                                   ;
+------------------------------------+-------------------------------------------------+


+-------------------------------------------+
; Flow Settings                             ;
+-------------------+-----------------------+
; Option            ; Setting               ;
+-------------------+-----------------------+
; Start date & time ; 12/09/2020 21:08:17   ;
; Main task         ; Compilation           ;
; Revision Name     ; electronic_enigma_pro ;
+-------------------+-----------------------+


+--------------------------------------------------------------------------------------------------------------------------------+
; Flow Non-Default Global Settings                                                                                               ;
+-------------------------------------+---------------------------------+---------------+-----------------------+----------------+
; Assignment Name                     ; Value                           ; Default Value ; Entity Name           ; Section Id     ;
+-------------------------------------+---------------------------------+---------------+-----------------------+----------------+
; COMPILER_SIGNATURE_ID               ; 242211432922643.160752829606088 ; --            ; --                    ; --             ;
; EDA_OUTPUT_DATA_FORMAT              ; Vhdl                            ; --            ; --                    ; eda_simulation ;
; EDA_SIMULATION_TOOL                 ; ModelSim-Altera (VHDL)          ; <None>        ; --                    ; --             ;
; MAX_CORE_JUNCTION_TEMP              ; 85                              ; --            ; --                    ; --             ;
; MIN_CORE_JUNCTION_TEMP              ; 0                               ; --            ; --                    ; --             ;
; PARTITION_COLOR                     ; 16764057                        ; --            ; ELECTRONIC_ENIGMA_PRO ; Top            ;
; PARTITION_FITTER_PRESERVATION_LEVEL ; PLACEMENT_AND_ROUTING           ; --            ; ELECTRONIC_ENIGMA_PRO ; Top            ;
; PARTITION_NETLIST_TYPE              ; SOURCE                          ; --            ; ELECTRONIC_ENIGMA_PRO ; Top            ;
; PROJECT_OUTPUT_DIRECTORY            ; output_files                    ; --            ; --                    ; --             ;
+-------------------------------------+---------------------------------+---------------+-----------------------+----------------+


+-------------------------------------------------------------------------------------------------------------------------------+
; Flow Elapsed Time                                                                                                             ;
+---------------------------+--------------+-------------------------+---------------------+------------------------------------+
; Module Name               ; Elapsed Time ; Average Processors Used ; Peak Virtual Memory ; Total CPU Time (on all processors) ;
+---------------------------+--------------+-------------------------+---------------------+------------------------------------+
; Analysis & Synthesis      ; 00:00:05     ; 1.0                     ; 4639 MB             ; 00:00:04                           ;
; Fitter                    ; 00:00:08     ; 1.0                     ; 4802 MB             ; 00:00:06                           ;
; Assembler                 ; 00:00:02     ; 1.0                     ; 4555 MB             ; 00:00:01                           ;
; TimeQuest Timing Analyzer ; 00:00:02     ; 1.0                     ; 4543 MB             ; 00:00:01                           ;
; EDA Netlist Writer        ; 00:00:01     ; 1.0                     ; 4520 MB             ; 00:00:01                           ;
; Total                     ; 00:00:18     ; --                      ; --                  ; 00:00:13                           ;
+---------------------------+--------------+-------------------------+---------------------+------------------------------------+


+----------------------------------------------------------------------------------------+
; Flow OS Summary                                                                        ;
+---------------------------+------------------+-----------+------------+----------------+
; Module Name               ; Machine Hostname ; OS Name   ; OS Version ; Processor type ;
+---------------------------+------------------+-----------+------------+----------------+
; Analysis & Synthesis      ; DESKTOP-RN6JU8L  ; Windows 7 ; 6.2        ; x86_64         ;
; Fitter                    ; DESKTOP-RN6JU8L  ; Windows 7 ; 6.2        ; x86_64         ;
; Assembler                 ; DESKTOP-RN6JU8L  ; Windows 7 ; 6.2        ; x86_64         ;
; TimeQuest Timing Analyzer ; DESKTOP-RN6JU8L  ; Windows 7 ; 6.2        ; x86_64         ;
; EDA Netlist Writer        ; DESKTOP-RN6JU8L  ; Windows 7 ; 6.2        ; x86_64         ;
+---------------------------+------------------+-----------+------------+----------------+


------------
; Flow Log ;
------------
quartus_map --read_settings_files=on --write_settings_files=off electronic_enigma_pro -c electronic_enigma_pro
quartus_fit --read_settings_files=off --write_settings_files=off electronic_enigma_pro -c electronic_enigma_pro
quartus_asm --read_settings_files=off --write_settings_files=off electronic_enigma_pro -c electronic_enigma_pro
quartus_sta electronic_enigma_pro -c electronic_enigma_pro
quartus_eda --read_settings_files=off --write_settings_files=off electronic_enigma_pro -c electronic_enigma_pro



